Using pre-set license
Built from '2020.2/release' branch; Version is '2020.2.4f1 (becced5a802b) revision 12504301'; Using compiler version '192528614'; Build Type 'Release'
OS: 'Windows 10 Education; OS build 18363.1556; Version 1909; 64bit' Language: 'es' Physical Memory: 16338 MB
BatchMode: 1, IsHumanControllingUs: 0, StartBugReporterOnCrash: 0, Is64bit: 1, IsPro: 0

 COMMAND LINE ARGUMENTS:
C:\Program Files\Unity\Hub\Editor\2020.2.4f1\Editor\Unity.exe
-adb2
-batchMode
-noUpm
-name
AssetImportWorker0
-projectPath
C:/Users/j.pierre/Desktop/ProyectoLaberintoMinotauro/ProyectoUnity/VrLaberintoGame
-logFile
Logs/AssetImportWorker0.log
-srvPort
52064
Successfully changed project path to: C:/Users/j.pierre/Desktop/ProyectoLaberintoMinotauro/ProyectoUnity/VrLaberintoGame
C:/Users/j.pierre/Desktop/ProyectoLaberintoMinotauro/ProyectoUnity/VrLaberintoGame
Using Asset Import Pipeline V2.
Refreshing native plugins compatible for Editor in 68.82 ms, found 4 plugins.
Preloading 1 native plugins for Editor in 0.73 ms.
Initialize engine version: 2020.2.4f1 (becced5a802b)
[Subsystems] Discovering subsystems at path C:/Program Files/Unity/Hub/Editor/2020.2.4f1/Editor/Data/Resources/UnitySubsystems
[Subsystems] Discovering subsystems at path C:/Users/j.pierre/Desktop/ProyectoLaberintoMinotauro/ProyectoUnity/VrLaberintoGame/Assets
GfxDevice: creating device client; threaded=0
Direct3D:
    Version:  Direct3D 11.0 [level 11.1]
    Renderer: NVIDIA GeForce GTX 1060 6GB (ID=0x1b83)
    Vendor:   
    VRAM:     6052 MB
    Driver:   27.21.14.5671
Shader 'Oculus/OVRMRCameraFrameLit': fallback shader 'Alpha-Diffuse' not found
Shader 'Universal Render Pipeline/Particles/Lit': fallback shader 'Universal Render Pipeline/Particles/SimpleLit' not found
Initialize mono
Mono path[0] = 'C:/Program Files/Unity/Hub/Editor/2020.2.4f1/Editor/Data/Managed'
Mono path[1] = 'C:/Program Files/Unity/Hub/Editor/2020.2.4f1/Editor/Data/MonoBleedingEdge/lib/mono/unityjit'
Mono config path = 'C:/Program Files/Unity/Hub/Editor/2020.2.4f1/Editor/Data/MonoBleedingEdge/etc'
Using monoOptions --debugger-agent=transport=dt_socket,embedding=1,server=y,suspend=n,address=127.0.0.1:56332
Begin MonoManager ReloadAssembly
Registering precompiled unity dll's ...
Register platform support module: C:/Program Files/Unity/Hub/Editor/2020.2.4f1/Editor/Data/PlaybackEngines/WindowsStandaloneSupport/UnityEditor.WindowsStandalone.Extensions.dll
Registered in 0.001883 seconds.
Native extension for WindowsStandalone target not found
Refreshing native plugins compatible for Editor in 57.71 ms, found 4 plugins.
Preloading 1 native plugins for Editor in 0.07 ms.
Invoked RoslynAnalysisRunner static constructor.
RoslynAnalysisRunner will not be running.
RoslynAnalysisRunner has terminated.
Mono: successfully reloaded assembly
- Completed reload, in  1.576 seconds
Platform modules already initialized, skipping
Registering precompiled user dll's ...
Registered in 0.003346 seconds.
Begin MonoManager ReloadAssembly
Native extension for WindowsStandalone target not found
Refreshing native plugins compatible for Editor in 63.31 ms, found 4 plugins.
Preloading 1 native plugins for Editor in 0.07 ms.
Invoked RoslynAnalysisRunner static constructor.
RoslynAnalysisRunner will not be running.
RoslynAnalysisRunner has terminated.
[XR] OculusXRPlugin: registering subsystems
[XR] Unable to register display lifecyle provider: [1]
[XR] Oculus Input lifecycle provider registered.
[XR] Unable to register input lifecyle provider: [1]
[XR] OVRP version 1.55.1
Mono: successfully reloaded assembly
- Completed reload, in  0.887 seconds
Platform modules already initialized, skipping
========================================================================
Worker process is ready to serve import requests
Shader 'Universal Render Pipeline/Particles/Lit': fallback shader 'Universal Render Pipeline/Particles/SimpleLit' not found
Shader 'Oculus/OVRMRCameraFrameLit': fallback shader 'Alpha-Diffuse' not found
Launched and connected shader compiler UnityShaderCompiler.exe after 0.04 seconds
Refreshing native plugins compatible for Editor in 0.69 ms, found 4 plugins.
Preloading 1 native plugins for Editor in 0.07 ms.
Unloading 3042 Unused Serialized files (Serialized files now loaded: 0)
System memory in use before: 160.0 MB.
System memory in use after: 159.8 MB.

Unloading 37 unused Assets to reduce memory usage. Loaded Objects now: 3494.
Total: 2.247200 ms (FindLiveObjects: 0.249200 ms CreateObjectMapping: 0.111800 ms MarkObjects: 1.479600 ms  DeleteObjects: 0.405900 ms)

========================================================================
Received Import Request.
  path: Assets/AssetsMinos/LaberintoMinotauro.prefab
  artifactKey: Guid(8dc9192c462f4c047958a87ec3d33130) Importer(815301076,1909f56bfc062723c751e8b465ee728b)
Start importing Assets/AssetsMinos/LaberintoMinotauro.prefab using Guid(8dc9192c462f4c047958a87ec3d33130) Importer(815301076,1909f56bfc062723c751e8b465ee728b)  -> (artifact id: '0457e92136c42ecb28151e4220035b7e') in 0.196214 seconds
  Import took 0.200847 seconds .

========================================================================
Received Import Request.
  Time since last request: 9.697239 seconds.
  path: Assets/Player.prefab
  artifactKey: Guid(3037606a8d9a9b947bc9d704231b6679) Importer(815301076,1909f56bfc062723c751e8b465ee728b)
Start importing Assets/Player.prefab using Guid(3037606a8d9a9b947bc9d704231b6679) Importer(815301076,1909f56bfc062723c751e8b465ee728b)  -> (artifact id: '80b962c4098467b0f583f142216a87a5') in 0.062328 seconds
  Import took 0.067520 seconds .

========================================================================
Received Prepare
Registering precompiled user dll's ...
Registered in 0.003445 seconds.
Begin MonoManager ReloadAssembly
Native extension for WindowsStandalone target not found
Refreshing native plugins compatible for Editor in 1.33 ms, found 4 plugins.
Preloading 1 native plugins for Editor in 0.15 ms.
Invoked RoslynAnalysisRunner static constructor.
RoslynAnalysisRunner will not be running.
RoslynAnalysisRunner has terminated.
Mono: successfully reloaded assembly
- Completed reload, in  0.857 seconds
Platform modules already initialized, skipping
Shader 'Universal Render Pipeline/Particles/Lit': fallback shader 'Universal Render Pipeline/Particles/SimpleLit' not found
Shader 'Oculus/OVRMRCameraFrameLit': fallback shader 'Alpha-Diffuse' not found
Refreshing native plugins compatible for Editor in 0.69 ms, found 4 plugins.
Preloading 1 native plugins for Editor in 0.07 ms.
Unloading 2878 Unused Serialized files (Serialized files now loaded: 0)
System memory in use before: 169.6 MB.
System memory in use after: 169.3 MB.

Unloading 33 unused Assets to reduce memory usage. Loaded Objects now: 3543.
Total: 2.836500 ms (FindLiveObjects: 0.303600 ms CreateObjectMapping: 0.154100 ms MarkObjects: 1.979200 ms  DeleteObjects: 0.398800 ms)

========================================================================
Received Prepare
Registering precompiled user dll's ...
Registered in 0.003857 seconds.
Begin MonoManager ReloadAssembly
Native extension for WindowsStandalone target not found
Refreshing native plugins compatible for Editor in 0.72 ms, found 4 plugins.
Preloading 1 native plugins for Editor in 0.09 ms.
Invoked RoslynAnalysisRunner static constructor.
RoslynAnalysisRunner will not be running.
RoslynAnalysisRunner has terminated.
Mono: successfully reloaded assembly
- Completed reload, in  0.875 seconds
Platform modules already initialized, skipping
Shader 'Universal Render Pipeline/Particles/Lit': fallback shader 'Universal Render Pipeline/Particles/SimpleLit' not found
Shader 'Oculus/OVRMRCameraFrameLit': fallback shader 'Alpha-Diffuse' not found
Refreshing native plugins compatible for Editor in 0.71 ms, found 4 plugins.
Preloading 1 native plugins for Editor in 0.07 ms.
Unloading 2878 Unused Serialized files (Serialized files now loaded: 0)
System memory in use before: 169.6 MB.
System memory in use after: 169.4 MB.

Unloading 32 unused Assets to reduce memory usage. Loaded Objects now: 3546.
Total: 2.665600 ms (FindLiveObjects: 0.292400 ms CreateObjectMapping: 0.140800 ms MarkObjects: 1.778500 ms  DeleteObjects: 0.452700 ms)

========================================================================
Received Prepare
Registering precompiled user dll's ...
Registered in 0.003542 seconds.
Begin MonoManager ReloadAssembly
Native extension for WindowsStandalone target not found
Refreshing native plugins compatible for Editor in 0.91 ms, found 4 plugins.
Preloading 1 native plugins for Editor in 0.10 ms.
Invoked RoslynAnalysisRunner static constructor.
RoslynAnalysisRunner will not be running.
RoslynAnalysisRunner has terminated.
Mono: successfully reloaded assembly
- Completed reload, in  0.857 seconds
Platform modules already initialized, skipping
Shader 'Universal Render Pipeline/Particles/Lit': fallback shader 'Universal Render Pipeline/Particles/SimpleLit' not found
Shader 'Oculus/OVRMRCameraFrameLit': fallback shader 'Alpha-Diffuse' not found
Refreshing native plugins compatible for Editor in 0.70 ms, found 4 plugins.
Preloading 1 native plugins for Editor in 0.07 ms.
Unloading 2878 Unused Serialized files (Serialized files now loaded: 0)
System memory in use before: 169.6 MB.
System memory in use after: 169.3 MB.

Unloading 32 unused Assets to reduce memory usage. Loaded Objects now: 3549.
Total: 2.652100 ms (FindLiveObjects: 0.256800 ms CreateObjectMapping: 0.120200 ms MarkObjects: 1.834900 ms  DeleteObjects: 0.438700 ms)

========================================================================
Received Import Request.
  Time since last request: 2223.597692 seconds.
  path: ProjectSettings/TagManager.asset
  artifactKey: Guid(00000000000000003000000000000000) Importer(815301076,1909f56bfc062723c751e8b465ee728b)
Start importing ProjectSettings/TagManager.asset using Guid(00000000000000003000000000000000) Importer(815301076,1909f56bfc062723c751e8b465ee728b)  -> (artifact id: 'ced653a9c76fb32f144dc44ac7698654') in 0.019345 seconds
  Import took 0.024770 seconds .

========================================================================
Received Prepare
Registering precompiled user dll's ...
Registered in 0.003572 seconds.
Begin MonoManager ReloadAssembly
Native extension for WindowsStandalone target not found
Refreshing native plugins compatible for Editor in 0.85 ms, found 4 plugins.
Preloading 1 native plugins for Editor in 0.08 ms.
Invoked RoslynAnalysisRunner static constructor.
RoslynAnalysisRunner will not be running.
RoslynAnalysisRunner has terminated.
Mono: successfully reloaded assembly
- Completed reload, in  0.906 seconds
Platform modules already initialized, skipping
Shader 'Universal Render Pipeline/Particles/Lit': fallback shader 'Universal Render Pipeline/Particles/SimpleLit' not found
Shader 'Oculus/OVRMRCameraFrameLit': fallback shader 'Alpha-Diffuse' not found
Refreshing native plugins compatible for Editor in 0.66 ms, found 4 plugins.
Preloading 1 native plugins for Editor in 0.11 ms.
Unloading 2878 Unused Serialized files (Serialized files now loaded: 0)
System memory in use before: 169.6 MB.
System memory in use after: 169.4 MB.

Unloading 33 unused Assets to reduce memory usage. Loaded Objects now: 3552.
Total: 2.469500 ms (FindLiveObjects: 0.278600 ms CreateObjectMapping: 0.146200 ms MarkObjects: 1.604400 ms  DeleteObjects: 0.439000 ms)

========================================================================
Received Prepare
Registering precompiled user dll's ...
Registered in 0.003995 seconds.
Begin MonoManager ReloadAssembly
Native extension for WindowsStandalone target not found
Refreshing native plugins compatible for Editor in 0.77 ms, found 4 plugins.
Preloading 1 native plugins for Editor in 0.08 ms.
Invoked RoslynAnalysisRunner static constructor.
RoslynAnalysisRunner will not be running.
RoslynAnalysisRunner has terminated.
Mono: successfully reloaded assembly
- Completed reload, in  0.850 seconds
Platform modules already initialized, skipping
Shader 'Universal Render Pipeline/Particles/Lit': fallback shader 'Universal Render Pipeline/Particles/SimpleLit' not found
Shader 'Oculus/OVRMRCameraFrameLit': fallback shader 'Alpha-Diffuse' not found
Refreshing native plugins compatible for Editor in 0.68 ms, found 4 plugins.
Preloading 1 native plugins for Editor in 0.07 ms.
Unloading 2878 Unused Serialized files (Serialized files now loaded: 0)
System memory in use before: 169.6 MB.
System memory in use after: 169.4 MB.

Unloading 32 unused Assets to reduce memory usage. Loaded Objects now: 3555.
Total: 2.591600 ms (FindLiveObjects: 0.277100 ms CreateObjectMapping: 0.117000 ms MarkObjects: 1.747800 ms  DeleteObjects: 0.448700 ms)

========================================================================
Received Prepare
Registering precompiled user dll's ...
Registered in 0.003809 seconds.
Begin MonoManager ReloadAssembly
Native extension for WindowsStandalone target not found
Refreshing native plugins compatible for Editor in 0.70 ms, found 4 plugins.
Preloading 1 native plugins for Editor in 0.07 ms.
Invoked RoslynAnalysisRunner static constructor.
RoslynAnalysisRunner will not be running.
RoslynAnalysisRunner has terminated.
Mono: successfully reloaded assembly
- Completed reload, in  0.806 seconds
Platform modules already initialized, skipping
Shader 'Universal Render Pipeline/Particles/Lit': fallback shader 'Universal Render Pipeline/Particles/SimpleLit' not found
Shader 'Oculus/OVRMRCameraFrameLit': fallback shader 'Alpha-Diffuse' not found
Refreshing native plugins compatible for Editor in 0.69 ms, found 4 plugins.
Preloading 1 native plugins for Editor in 0.06 ms.
Unloading 2878 Unused Serialized files (Serialized files now loaded: 0)
System memory in use before: 169.6 MB.
System memory in use after: 169.4 MB.

Unloading 32 unused Assets to reduce memory usage. Loaded Objects now: 3558.
Total: 2.439500 ms (FindLiveObjects: 0.256000 ms CreateObjectMapping: 0.124200 ms MarkObjects: 1.619000 ms  DeleteObjects: 0.439300 ms)

========================================================================
Received Import Request.
  Time since last request: 2516.419822 seconds.
  path: Assets/AssetsMinos/Scenes/EscenaJuego/LightingData.asset
  artifactKey: Guid(94f40efe4db65e24f83586ad69450786) Importer(815301076,1909f56bfc062723c751e8b465ee728b)
Start importing Assets/AssetsMinos/Scenes/EscenaJuego/LightingData.asset using Guid(94f40efe4db65e24f83586ad69450786) Importer(815301076,1909f56bfc062723c751e8b465ee728b)  -> (artifact id: '44737b7499114e1d659cf95fb1f9c4b9') in 0.016188 seconds
  Import took 0.021035 seconds .

========================================================================
Received Import Request.
  Time since last request: 0.000245 seconds.
  path: Assets/AssetsMinos/Scenes/EscenaJuego/Lightmap-2_comp_light.exr
  artifactKey: Guid(ae206b37812a09642a5d92531b253701) Importer(815301076,1909f56bfc062723c751e8b465ee728b)
Start importing Assets/AssetsMinos/Scenes/EscenaJuego/Lightmap-2_comp_light.exr using Guid(ae206b37812a09642a5d92531b253701) Importer(815301076,1909f56bfc062723c751e8b465ee728b)  -> (artifact id: '80f6f3c7bcd7aebc38bc078d84a7ee9c') in 0.039561 seconds
  Import took 0.044008 seconds .

========================================================================
Received Import Request.
  Time since last request: 0.000199 seconds.
  path: Assets/AssetsMinos/Scenes/EscenaJuego/Lightmap-2_comp_dir.png
  artifactKey: Guid(6a5abbcf9d86f204ebe5b82da2207f30) Importer(815301076,1909f56bfc062723c751e8b465ee728b)
Start importing Assets/AssetsMinos/Scenes/EscenaJuego/Lightmap-2_comp_dir.png using Guid(6a5abbcf9d86f204ebe5b82da2207f30) Importer(815301076,1909f56bfc062723c751e8b465ee728b)  -> (artifact id: 'ebafe6a9e9aa2d01ae42925a3cd8b1b9') in 0.043209 seconds
  Import took 0.047882 seconds .

========================================================================
Received Import Request.
  Time since last request: 0.000254 seconds.
  path: Assets/AssetsMinos/Scenes/EscenaJuego/Lightmap-0_comp_dir.png
  artifactKey: Guid(05efe86ed42cc0e4d8577a15ac9699e9) Importer(815301076,1909f56bfc062723c751e8b465ee728b)
Start importing Assets/AssetsMinos/Scenes/EscenaJuego/Lightmap-0_comp_dir.png using Guid(05efe86ed42cc0e4d8577a15ac9699e9) Importer(815301076,1909f56bfc062723c751e8b465ee728b)  -> (artifact id: '638ee718c59b66138e2e67f1f9e9fe5b') in 0.012836 seconds
  Import took 0.017536 seconds .

========================================================================
Received Import Request.
  Time since last request: 0.000227 seconds.
  path: Assets/AssetsMinos/Scenes/EscenaJuego/Lightmap-1_comp_dir.png
  artifactKey: Guid(8f653e5f72bb6464cb84fd02bfe5741f) Importer(815301076,1909f56bfc062723c751e8b465ee728b)
Start importing Assets/AssetsMinos/Scenes/EscenaJuego/Lightmap-1_comp_dir.png using Guid(8f653e5f72bb6464cb84fd02bfe5741f) Importer(815301076,1909f56bfc062723c751e8b465ee728b)  -> (artifact id: '71c338657c0c76ab5193aedf5fbeda14') in 0.011020 seconds
  Import took 0.015378 seconds .

========================================================================
Received Import Request.
  Time since last request: 0.000177 seconds.
  path: Assets/AssetsMinos/Scenes/EscenaJuego/ReflectionProbe-0.exr
  artifactKey: Guid(e2e08482354709448851beaffd65a7f4) Importer(815301076,1909f56bfc062723c751e8b465ee728b)
Start importing Assets/AssetsMinos/Scenes/EscenaJuego/ReflectionProbe-0.exr using Guid(e2e08482354709448851beaffd65a7f4) Importer(815301076,1909f56bfc062723c751e8b465ee728b)  -> (artifact id: '2e5cb8382d2474bc0ca25437b0c82ff7') in 0.028969 seconds
  Import took 0.033294 seconds .

========================================================================
Received Import Request.
  Time since last request: 0.000190 seconds.
  path: Assets/AssetsMinos/Scenes/EscenaJuego/Lightmap-1_comp_light.exr
  artifactKey: Guid(bf92e01ad06a2134689261c1a84e75ea) Importer(815301076,1909f56bfc062723c751e8b465ee728b)
Start importing Assets/AssetsMinos/Scenes/EscenaJuego/Lightmap-1_comp_light.exr using Guid(bf92e01ad06a2134689261c1a84e75ea) Importer(815301076,1909f56bfc062723c751e8b465ee728b)  -> (artifact id: '13966bef20447654517518c86c73e737') in 0.010603 seconds
  Import took 0.014612 seconds .

========================================================================
Received Import Request.
  Time since last request: 0.000195 seconds.
  path: Assets/AssetsMinos/Scenes/EscenaJuego/Lightmap-0_comp_light.exr
  artifactKey: Guid(5db00cb4a8aff354dbeeced7efb98f82) Importer(815301076,1909f56bfc062723c751e8b465ee728b)
Start importing Assets/AssetsMinos/Scenes/EscenaJuego/Lightmap-0_comp_light.exr using Guid(5db00cb4a8aff354dbeeced7efb98f82) Importer(815301076,1909f56bfc062723c751e8b465ee728b)  -> (artifact id: '5a627a275676722de00feb6f86d98ee6') in 0.008398 seconds
  Import took 0.012527 seconds .

========================================================================
Received Prepare
Registering precompiled user dll's ...
Registered in 0.003451 seconds.
Begin MonoManager ReloadAssembly
Native extension for WindowsStandalone target not found
Refreshing native plugins compatible for Editor in 0.93 ms, found 4 plugins.
Preloading 1 native plugins for Editor in 0.07 ms.
Invoked RoslynAnalysisRunner static constructor.
RoslynAnalysisRunner will not be running.
RoslynAnalysisRunner has terminated.
Mono: successfully reloaded assembly
- Completed reload, in  0.819 seconds
Platform modules already initialized, skipping
Shader 'Universal Render Pipeline/Particles/Lit': fallback shader 'Universal Render Pipeline/Particles/SimpleLit' not found
Shader 'Oculus/OVRMRCameraFrameLit': fallback shader 'Alpha-Diffuse' not found
Refreshing native plugins compatible for Editor in 0.65 ms, found 4 plugins.
Preloading 1 native plugins for Editor in 0.06 ms.
Unloading 2878 Unused Serialized files (Serialized files now loaded: 0)
System memory in use before: 170.0 MB.
System memory in use after: 169.7 MB.

Unloading 32 unused Assets to reduce memory usage. Loaded Objects now: 3590.
Total: 2.542100 ms (FindLiveObjects: 0.270500 ms CreateObjectMapping: 0.132100 ms MarkObjects: 1.678400 ms  DeleteObjects: 0.460100 ms)

========================================================================
Received Import Request.
  Time since last request: 347.223731 seconds.
  path: Assets/AssetsMinos/Scenes/EscenaJuego/LightingData.asset
  artifactKey: Guid(94f40efe4db65e24f83586ad69450786) Importer(815301076,1909f56bfc062723c751e8b465ee728b)
Start importing Assets/AssetsMinos/Scenes/EscenaJuego/LightingData.asset using Guid(94f40efe4db65e24f83586ad69450786) Importer(815301076,1909f56bfc062723c751e8b465ee728b)  -> (artifact id: 'b823238c231a0a68435afa83a43686f1') in 0.011785 seconds
  Import took 0.016615 seconds .

========================================================================
Received Import Request.
  Time since last request: 0.000171 seconds.
  path: Assets/AssetsMinos/Scenes/EscenaJuego/Lightmap-2_comp_light.exr
  artifactKey: Guid(ae206b37812a09642a5d92531b253701) Importer(815301076,1909f56bfc062723c751e8b465ee728b)
Start importing Assets/AssetsMinos/Scenes/EscenaJuego/Lightmap-2_comp_light.exr using Guid(ae206b37812a09642a5d92531b253701) Importer(815301076,1909f56bfc062723c751e8b465ee728b)  -> (artifact id: '324bd819ada261c39d176d8a223c1b64') in 0.024850 seconds
  Import took 0.029025 seconds .

========================================================================
Received Import Request.
  Time since last request: 0.000185 seconds.
  path: Assets/AssetsMinos/Scenes/EscenaJuego/Lightmap-2_comp_dir.png
  artifactKey: Guid(6a5abbcf9d86f204ebe5b82da2207f30) Importer(815301076,1909f56bfc062723c751e8b465ee728b)
Start importing Assets/AssetsMinos/Scenes/EscenaJuego/Lightmap-2_comp_dir.png using Guid(6a5abbcf9d86f204ebe5b82da2207f30) Importer(815301076,1909f56bfc062723c751e8b465ee728b)  -> (artifact id: '49302a191fd1631be052a3d799edc9dd') in 0.009576 seconds
  Import took 0.014175 seconds .

========================================================================
Received Import Request.
  Time since last request: 0.000192 seconds.
  path: Assets/AssetsMinos/Scenes/EscenaJuego/Lightmap-0_comp_dir.png
  artifactKey: Guid(05efe86ed42cc0e4d8577a15ac9699e9) Importer(815301076,1909f56bfc062723c751e8b465ee728b)
Start importing Assets/AssetsMinos/Scenes/EscenaJuego/Lightmap-0_comp_dir.png using Guid(05efe86ed42cc0e4d8577a15ac9699e9) Importer(815301076,1909f56bfc062723c751e8b465ee728b)  -> (artifact id: '23eb10a73175b3f21ca6bca488da25b9') in 0.010557 seconds
  Import took 0.015326 seconds .

========================================================================
Received Import Request.
  Time since last request: 0.000179 seconds.
  path: Assets/AssetsMinos/Scenes/EscenaJuego/Lightmap-1_comp_dir.png
  artifactKey: Guid(8f653e5f72bb6464cb84fd02bfe5741f) Importer(815301076,1909f56bfc062723c751e8b465ee728b)
Start importing Assets/AssetsMinos/Scenes/EscenaJuego/Lightmap-1_comp_dir.png using Guid(8f653e5f72bb6464cb84fd02bfe5741f) Importer(815301076,1909f56bfc062723c751e8b465ee728b)  -> (artifact id: 'a3e6727a28c1c2c8676d9f97efc86a51') in 0.010200 seconds
  Import took 0.015706 seconds .

========================================================================
Received Import Request.
  Time since last request: 0.000171 seconds.
  path: Assets/AssetsMinos/Scenes/EscenaJuego/Lightmap-1_comp_light.exr
  artifactKey: Guid(bf92e01ad06a2134689261c1a84e75ea) Importer(815301076,1909f56bfc062723c751e8b465ee728b)
Start importing Assets/AssetsMinos/Scenes/EscenaJuego/Lightmap-1_comp_light.exr using Guid(bf92e01ad06a2134689261c1a84e75ea) Importer(815301076,1909f56bfc062723c751e8b465ee728b)  -> (artifact id: 'aa7f5ee79c85bd1bd9573637945b80a0') in 0.007882 seconds
  Import took 0.012133 seconds .

========================================================================
Received Import Request.
  Time since last request: 0.000187 seconds.
  path: Assets/AssetsMinos/Scenes/EscenaJuego/Lightmap-0_comp_light.exr
  artifactKey: Guid(5db00cb4a8aff354dbeeced7efb98f82) Importer(815301076,1909f56bfc062723c751e8b465ee728b)
Start importing Assets/AssetsMinos/Scenes/EscenaJuego/Lightmap-0_comp_light.exr using Guid(5db00cb4a8aff354dbeeced7efb98f82) Importer(815301076,1909f56bfc062723c751e8b465ee728b)  -> (artifact id: '4de6b3c8200a3e3f6c45ad6aaf1ee0e9') in 0.008682 seconds
  Import took 0.012719 seconds .

========================================================================
Received Import Request.
  Time since last request: 9.331473 seconds.
  path: Assets/AssetsMinos/Scenes/EscenaJuego/LightingData.asset
  artifactKey: Guid(94f40efe4db65e24f83586ad69450786) Importer(815301076,1909f56bfc062723c751e8b465ee728b)
Start importing Assets/AssetsMinos/Scenes/EscenaJuego/LightingData.asset using Guid(94f40efe4db65e24f83586ad69450786) Importer(815301076,1909f56bfc062723c751e8b465ee728b)  -> (artifact id: '509f405f86dbf3b7e20053d86e02cc60') in 0.002592 seconds
  Import took 0.008158 seconds .

========================================================================
Received Import Request.
  Time since last request: 0.006821 seconds.
  path: Assets/AssetsMinos/Scenes/EscenaJuego/LightingData.asset
  artifactKey: Guid(94f40efe4db65e24f83586ad69450786) Importer(815301076,1909f56bfc062723c751e8b465ee728b)
Start importing Assets/AssetsMinos/Scenes/EscenaJuego/LightingData.asset using Guid(94f40efe4db65e24f83586ad69450786) Importer(815301076,1909f56bfc062723c751e8b465ee728b)  -> (artifact id: '509f405f86dbf3b7e20053d86e02cc60') in 0.002447 seconds
  Import took 0.007614 seconds .

========================================================================
Received Import Request.
  Time since last request: 6.589431 seconds.
  path: Assets/AssetsMinos/Scenes/EscenaJuego/LightingData.asset
  artifactKey: Guid(94f40efe4db65e24f83586ad69450786) Importer(815301076,1909f56bfc062723c751e8b465ee728b)
Start importing Assets/AssetsMinos/Scenes/EscenaJuego/LightingData.asset using Guid(94f40efe4db65e24f83586ad69450786) Importer(815301076,1909f56bfc062723c751e8b465ee728b)  -> (artifact id: '01e3c4b4707eaabf603a60aecebc4e48') in 0.002186 seconds
  Import took 0.006833 seconds .

========================================================================
Received Import Request.
  Time since last request: 0.003391 seconds.
  path: Assets/AssetsMinos/Scenes/EscenaJuego/LightingData.asset
  artifactKey: Guid(94f40efe4db65e24f83586ad69450786) Importer(815301076,1909f56bfc062723c751e8b465ee728b)
Start importing Assets/AssetsMinos/Scenes/EscenaJuego/LightingData.asset using Guid(94f40efe4db65e24f83586ad69450786) Importer(815301076,1909f56bfc062723c751e8b465ee728b)  -> (artifact id: '01e3c4b4707eaabf603a60aecebc4e48') in 0.002433 seconds
  Import took 0.006760 seconds .

========================================================================
Received Import Request.
  Time since last request: 13.735103 seconds.
  path: Assets/AssetsMinos/Scenes/EscenaJuego/LightingData.asset
  artifactKey: Guid(94f40efe4db65e24f83586ad69450786) Importer(815301076,1909f56bfc062723c751e8b465ee728b)
Start importing Assets/AssetsMinos/Scenes/EscenaJuego/LightingData.asset using Guid(94f40efe4db65e24f83586ad69450786) Importer(815301076,1909f56bfc062723c751e8b465ee728b)  -> (artifact id: 'f4ef17b38fd03f922fe7330947374dc9') in 0.002190 seconds
  Import took 0.007188 seconds .

========================================================================
Received Import Request.
  Time since last request: 0.002887 seconds.
  path: Assets/AssetsMinos/Scenes/EscenaJuego/LightingData.asset
  artifactKey: Guid(94f40efe4db65e24f83586ad69450786) Importer(815301076,1909f56bfc062723c751e8b465ee728b)
Start importing Assets/AssetsMinos/Scenes/EscenaJuego/LightingData.asset using Guid(94f40efe4db65e24f83586ad69450786) Importer(815301076,1909f56bfc062723c751e8b465ee728b)  -> (artifact id: 'f4ef17b38fd03f922fe7330947374dc9') in 0.002243 seconds
  Import took 0.006658 seconds .

========================================================================
Received Prepare
Registering precompiled user dll's ...
Registered in 0.003452 seconds.
Begin MonoManager ReloadAssembly
Native extension for WindowsStandalone target not found
Refreshing native plugins compatible for Editor in 0.72 ms, found 4 plugins.
Preloading 1 native plugins for Editor in 0.07 ms.
Invoked RoslynAnalysisRunner static constructor.
RoslynAnalysisRunner will not be running.
RoslynAnalysisRunner has terminated.
Mono: successfully reloaded assembly
- Completed reload, in  0.796 seconds
Platform modules already initialized, skipping
Shader 'Universal Render Pipeline/Particles/Lit': fallback shader 'Universal Render Pipeline/Particles/SimpleLit' not found
Shader 'Oculus/OVRMRCameraFrameLit': fallback shader 'Alpha-Diffuse' not found
Refreshing native plugins compatible for Editor in 0.69 ms, found 4 plugins.
Preloading 1 native plugins for Editor in 0.07 ms.
Unloading 2878 Unused Serialized files (Serialized files now loaded: 0)
System memory in use before: 170.0 MB.
System memory in use after: 169.7 MB.

Unloading 32 unused Assets to reduce memory usage. Loaded Objects now: 3594.
Total: 2.601500 ms (FindLiveObjects: 0.287000 ms CreateObjectMapping: 0.117200 ms MarkObjects: 1.766400 ms  DeleteObjects: 0.430100 ms)

========================================================================
Received Import Request.
  Time since last request: 696.953085 seconds.
  path: Assets/AssetsMinos/Scenes/EscenaJuego/LightingData.asset
  artifactKey: Guid(94f40efe4db65e24f83586ad69450786) Importer(815301076,1909f56bfc062723c751e8b465ee728b)
Start importing Assets/AssetsMinos/Scenes/EscenaJuego/LightingData.asset using Guid(94f40efe4db65e24f83586ad69450786) Importer(815301076,1909f56bfc062723c751e8b465ee728b)  -> (artifact id: '7f89acd93cdacb7474a1757a10dd2fcd') in 0.014172 seconds
  Import took 0.019115 seconds .

========================================================================
Received Import Request.
  Time since last request: 0.000210 seconds.
  path: Assets/AssetsMinos/Scenes/EscenaJuego/Lightmap-2_comp_light.exr
  artifactKey: Guid(ae206b37812a09642a5d92531b253701) Importer(815301076,1909f56bfc062723c751e8b465ee728b)
Start importing Assets/AssetsMinos/Scenes/EscenaJuego/Lightmap-2_comp_light.exr using Guid(ae206b37812a09642a5d92531b253701) Importer(815301076,1909f56bfc062723c751e8b465ee728b)  -> (artifact id: '7d9ea2c92bf27419f7aeaef8df1b8d99') in 0.025239 seconds
  Import took 0.029190 seconds .

========================================================================
Received Import Request.
  Time since last request: 0.000235 seconds.
  path: Assets/AssetsMinos/Scenes/EscenaJuego/Lightmap-2_comp_dir.png
  artifactKey: Guid(6a5abbcf9d86f204ebe5b82da2207f30) Importer(815301076,1909f56bfc062723c751e8b465ee728b)
Start importing Assets/AssetsMinos/Scenes/EscenaJuego/Lightmap-2_comp_dir.png using Guid(6a5abbcf9d86f204ebe5b82da2207f30) Importer(815301076,1909f56bfc062723c751e8b465ee728b)  -> (artifact id: '79cf9d36a5a37181780aea399137b48a') in 0.008262 seconds
  Import took 0.012277 seconds .

========================================================================
Received Import Request.
  Time since last request: 0.000271 seconds.
  path: Assets/AssetsMinos/Scenes/EscenaJuego/Lightmap-0_comp_dir.png
  artifactKey: Guid(05efe86ed42cc0e4d8577a15ac9699e9) Importer(815301076,1909f56bfc062723c751e8b465ee728b)
Start importing Assets/AssetsMinos/Scenes/EscenaJuego/Lightmap-0_comp_dir.png using Guid(05efe86ed42cc0e4d8577a15ac9699e9) Importer(815301076,1909f56bfc062723c751e8b465ee728b)  -> (artifact id: '52406c636a0232c5f43189e97707327f') in 0.008126 seconds
  Import took 0.012298 seconds .

========================================================================
Received Import Request.
  Time since last request: 0.000249 seconds.
  path: Assets/AssetsMinos/Scenes/EscenaJuego/Lightmap-1_comp_dir.png
  artifactKey: Guid(8f653e5f72bb6464cb84fd02bfe5741f) Importer(815301076,1909f56bfc062723c751e8b465ee728b)
Start importing Assets/AssetsMinos/Scenes/EscenaJuego/Lightmap-1_comp_dir.png using Guid(8f653e5f72bb6464cb84fd02bfe5741f) Importer(815301076,1909f56bfc062723c751e8b465ee728b)  -> (artifact id: 'd479de8c4d24b80ed47a2cbd0a3c8582') in 0.008096 seconds
  Import took 0.012086 seconds .

========================================================================
Received Import Request.
  Time since last request: 0.000231 seconds.
  path: Assets/AssetsMinos/Scenes/EscenaJuego/Lightmap-1_comp_light.exr
  artifactKey: Guid(bf92e01ad06a2134689261c1a84e75ea) Importer(815301076,1909f56bfc062723c751e8b465ee728b)
Start importing Assets/AssetsMinos/Scenes/EscenaJuego/Lightmap-1_comp_light.exr using Guid(bf92e01ad06a2134689261c1a84e75ea) Importer(815301076,1909f56bfc062723c751e8b465ee728b)  -> (artifact id: '163d7a6b8df352e37be8a87cdd7b1644') in 0.008059 seconds
  Import took 0.012645 seconds .

========================================================================
Received Import Request.
  Time since last request: 0.000311 seconds.
  path: Assets/AssetsMinos/Scenes/EscenaJuego/Lightmap-0_comp_light.exr
  artifactKey: Guid(5db00cb4a8aff354dbeeced7efb98f82) Importer(815301076,1909f56bfc062723c751e8b465ee728b)
Start importing Assets/AssetsMinos/Scenes/EscenaJuego/Lightmap-0_comp_light.exr using Guid(5db00cb4a8aff354dbeeced7efb98f82) Importer(815301076,1909f56bfc062723c751e8b465ee728b)  -> (artifact id: '227a35a0dd53aa2403cf54fa7f40ba24') in 0.008999 seconds
  Import took 0.013274 seconds .

========================================================================
Received Prepare
Registering precompiled user dll's ...
Registered in 0.004108 seconds.
Begin MonoManager ReloadAssembly
Native extension for WindowsStandalone target not found
Refreshing native plugins compatible for Editor in 0.67 ms, found 4 plugins.
Preloading 1 native plugins for Editor in 0.07 ms.
Invoked RoslynAnalysisRunner static constructor.
RoslynAnalysisRunner will not be running.
RoslynAnalysisRunner has terminated.
Mono: successfully reloaded assembly
- Completed reload, in  0.856 seconds
Platform modules already initialized, skipping
Shader 'Universal Render Pipeline/Particles/Lit': fallback shader 'Universal Render Pipeline/Particles/SimpleLit' not found
Shader 'Oculus/OVRMRCameraFrameLit': fallback shader 'Alpha-Diffuse' not found
Refreshing native plugins compatible for Editor in 0.70 ms, found 4 plugins.
Preloading 1 native plugins for Editor in 0.07 ms.
Unloading 2878 Unused Serialized files (Serialized files now loaded: 0)
System memory in use before: 170.0 MB.
System memory in use after: 169.8 MB.

Unloading 32 unused Assets to reduce memory usage. Loaded Objects now: 3598.
Total: 2.814400 ms (FindLiveObjects: 0.309600 ms CreateObjectMapping: 0.142800 ms MarkObjects: 1.859200 ms  DeleteObjects: 0.501500 ms)

========================================================================
Received Prepare
Registering precompiled user dll's ...
Registered in 0.003591 seconds.
Begin MonoManager ReloadAssembly
Native extension for WindowsStandalone target not found
Refreshing native plugins compatible for Editor in 0.75 ms, found 4 plugins.
Preloading 1 native plugins for Editor in 0.08 ms.
Invoked RoslynAnalysisRunner static constructor.
RoslynAnalysisRunner will not be running.
RoslynAnalysisRunner has terminated.
Mono: successfully reloaded assembly
- Completed reload, in  0.823 seconds
Platform modules already initialized, skipping
Shader 'Universal Render Pipeline/Particles/Lit': fallback shader 'Universal Render Pipeline/Particles/SimpleLit' not found
Shader 'Oculus/OVRMRCameraFrameLit': fallback shader 'Alpha-Diffuse' not found
Refreshing native plugins compatible for Editor in 0.65 ms, found 4 plugins.
Preloading 1 native plugins for Editor in 0.07 ms.
Unloading 2878 Unused Serialized files (Serialized files now loaded: 0)
System memory in use before: 170.0 MB.
System memory in use after: 169.8 MB.

Unloading 32 unused Assets to reduce memory usage. Loaded Objects now: 3601.
Total: 3.446600 ms (FindLiveObjects: 0.275300 ms CreateObjectMapping: 0.108200 ms MarkObjects: 2.455800 ms  DeleteObjects: 0.606200 ms)

========================================================================
Received Import Request.
  Time since last request: 640.050856 seconds.
  path: Assets/AssetsMinos/Scenes/EscenaJuego/LightingData.asset
  artifactKey: Guid(94f40efe4db65e24f83586ad69450786) Importer(815301076,1909f56bfc062723c751e8b465ee728b)
Start importing Assets/AssetsMinos/Scenes/EscenaJuego/LightingData.asset using Guid(94f40efe4db65e24f83586ad69450786) Importer(815301076,1909f56bfc062723c751e8b465ee728b)  -> (artifact id: 'a8084a4c84e855a27a456d49519c3dfd') in 0.012558 seconds
  Import took 0.016840 seconds .

========================================================================
Received Import Request.
  Time since last request: 0.000197 seconds.
  path: Assets/AssetsMinos/Scenes/EscenaJuego/Lightmap-2_comp_light.exr
  artifactKey: Guid(ae206b37812a09642a5d92531b253701) Importer(815301076,1909f56bfc062723c751e8b465ee728b)
Start importing Assets/AssetsMinos/Scenes/EscenaJuego/Lightmap-2_comp_light.exr using Guid(ae206b37812a09642a5d92531b253701) Importer(815301076,1909f56bfc062723c751e8b465ee728b)  -> (artifact id: '0a0cce542afe5eb46b661a6bdf5385db') in 0.025730 seconds
  Import took 0.030104 seconds .

========================================================================
Received Import Request.
  Time since last request: 0.000237 seconds.
  path: Assets/AssetsMinos/Scenes/EscenaJuego/Lightmap-2_comp_dir.png
  artifactKey: Guid(6a5abbcf9d86f204ebe5b82da2207f30) Importer(815301076,1909f56bfc062723c751e8b465ee728b)
Start importing Assets/AssetsMinos/Scenes/EscenaJuego/Lightmap-2_comp_dir.png using Guid(6a5abbcf9d86f204ebe5b82da2207f30) Importer(815301076,1909f56bfc062723c751e8b465ee728b)  -> (artifact id: 'db749e235a9cc551bfba1bcf4a374d19') in 0.008474 seconds
  Import took 0.012345 seconds .

========================================================================
Received Import Request.
  Time since last request: 0.000242 seconds.
  path: Assets/AssetsMinos/Scenes/EscenaJuego/Lightmap-0_comp_dir.png
  artifactKey: Guid(05efe86ed42cc0e4d8577a15ac9699e9) Importer(815301076,1909f56bfc062723c751e8b465ee728b)
Start importing Assets/AssetsMinos/Scenes/EscenaJuego/Lightmap-0_comp_dir.png using Guid(05efe86ed42cc0e4d8577a15ac9699e9) Importer(815301076,1909f56bfc062723c751e8b465ee728b)  -> (artifact id: '9cd7748f010eb435a42b2b8276d4359b') in 0.007992 seconds
  Import took 0.012170 seconds .

========================================================================
Received Import Request.
  Time since last request: 0.000210 seconds.
  path: Assets/AssetsMinos/Scenes/EscenaJuego/Lightmap-1_comp_dir.png
  artifactKey: Guid(8f653e5f72bb6464cb84fd02bfe5741f) Importer(815301076,1909f56bfc062723c751e8b465ee728b)
Start importing Assets/AssetsMinos/Scenes/EscenaJuego/Lightmap-1_comp_dir.png using Guid(8f653e5f72bb6464cb84fd02bfe5741f) Importer(815301076,1909f56bfc062723c751e8b465ee728b)  -> (artifact id: '28b9bf882e8261736f129e874837e6a1') in 0.007901 seconds
  Import took 0.011831 seconds .

========================================================================
Received Import Request.
  Time since last request: 0.000224 seconds.
  path: Assets/AssetsMinos/Scenes/EscenaJuego/Lightmap-1_comp_light.exr
  artifactKey: Guid(bf92e01ad06a2134689261c1a84e75ea) Importer(815301076,1909f56bfc062723c751e8b465ee728b)
Start importing Assets/AssetsMinos/Scenes/EscenaJuego/Lightmap-1_comp_light.exr using Guid(bf92e01ad06a2134689261c1a84e75ea) Importer(815301076,1909f56bfc062723c751e8b465ee728b)  -> (artifact id: 'e3d5f1994a865436651ed26a46e9fc3f') in 0.007860 seconds
  Import took 0.011717 seconds .

========================================================================
Received Import Request.
  Time since last request: 0.000273 seconds.
  path: Assets/AssetsMinos/Scenes/EscenaJuego/Lightmap-0_comp_light.exr
  artifactKey: Guid(5db00cb4a8aff354dbeeced7efb98f82) Importer(815301076,1909f56bfc062723c751e8b465ee728b)
Start importing Assets/AssetsMinos/Scenes/EscenaJuego/Lightmap-0_comp_light.exr using Guid(5db00cb4a8aff354dbeeced7efb98f82) Importer(815301076,1909f56bfc062723c751e8b465ee728b)  -> (artifact id: 'dd29bb7e9e76a05fc125d4b6f8ca17f4') in 0.007350 seconds
  Import took 0.011544 seconds .

========================================================================
Received Prepare
Registering precompiled user dll's ...
Registered in 0.003504 seconds.
Begin MonoManager ReloadAssembly
Native extension for WindowsStandalone target not found
Refreshing native plugins compatible for Editor in 0.71 ms, found 4 plugins.
Preloading 1 native plugins for Editor in 0.07 ms.
Invoked RoslynAnalysisRunner static constructor.
RoslynAnalysisRunner will not be running.
RoslynAnalysisRunner has terminated.
Mono: successfully reloaded assembly
- Completed reload, in  0.810 seconds
Platform modules already initialized, skipping
Shader 'Universal Render Pipeline/Particles/Lit': fallback shader 'Universal Render Pipeline/Particles/SimpleLit' not found
Shader 'Oculus/OVRMRCameraFrameLit': fallback shader 'Alpha-Diffuse' not found
Refreshing native plugins compatible for Editor in 0.65 ms, found 4 plugins.
Preloading 1 native plugins for Editor in 0.06 ms.
Unloading 2878 Unused Serialized files (Serialized files now loaded: 0)
System memory in use before: 170.0 MB.
System memory in use after: 169.8 MB.

Unloading 32 unused Assets to reduce memory usage. Loaded Objects now: 3605.
Total: 2.425100 ms (FindLiveObjects: 0.262300 ms CreateObjectMapping: 0.125900 ms MarkObjects: 1.601100 ms  DeleteObjects: 0.435000 ms)

========================================================================
Received Import Request.
  Time since last request: 779.431876 seconds.
  path: Assets/AssetsMinos/Scenes/EscenaJuego/LightingData.asset
  artifactKey: Guid(94f40efe4db65e24f83586ad69450786) Importer(815301076,1909f56bfc062723c751e8b465ee728b)
Start importing Assets/AssetsMinos/Scenes/EscenaJuego/LightingData.asset using Guid(94f40efe4db65e24f83586ad69450786) Importer(815301076,1909f56bfc062723c751e8b465ee728b)  -> (artifact id: 'c377c1ba82ea7d1de111589732b3d3c9') in 0.013506 seconds
  Import took 0.019284 seconds .

========================================================================
Received Import Request.
  Time since last request: 0.000225 seconds.
  path: Assets/AssetsMinos/Scenes/EscenaJuego/Lightmap-2_comp_light.exr
  artifactKey: Guid(ae206b37812a09642a5d92531b253701) Importer(815301076,1909f56bfc062723c751e8b465ee728b)
Start importing Assets/AssetsMinos/Scenes/EscenaJuego/Lightmap-2_comp_light.exr using Guid(ae206b37812a09642a5d92531b253701) Importer(815301076,1909f56bfc062723c751e8b465ee728b)  -> (artifact id: '12e84fa2db9d560f5968338c4564555f') in 0.025212 seconds
  Import took 0.029021 seconds .

========================================================================
Received Import Request.
  Time since last request: 0.000213 seconds.
  path: Assets/AssetsMinos/Scenes/EscenaJuego/Lightmap-2_comp_dir.png
  artifactKey: Guid(6a5abbcf9d86f204ebe5b82da2207f30) Importer(815301076,1909f56bfc062723c751e8b465ee728b)
Start importing Assets/AssetsMinos/Scenes/EscenaJuego/Lightmap-2_comp_dir.png using Guid(6a5abbcf9d86f204ebe5b82da2207f30) Importer(815301076,1909f56bfc062723c751e8b465ee728b)  -> (artifact id: '9903ca298b574ab84c33e099b06263de') in 0.008402 seconds
  Import took 0.012713 seconds .

========================================================================
Received Import Request.
  Time since last request: 0.000292 seconds.
  path: Assets/AssetsMinos/Scenes/EscenaJuego/Lightmap-0_comp_dir.png
  artifactKey: Guid(05efe86ed42cc0e4d8577a15ac9699e9) Importer(815301076,1909f56bfc062723c751e8b465ee728b)
Start importing Assets/AssetsMinos/Scenes/EscenaJuego/Lightmap-0_comp_dir.png using Guid(05efe86ed42cc0e4d8577a15ac9699e9) Importer(815301076,1909f56bfc062723c751e8b465ee728b)  -> (artifact id: '7143db2c438e3200786f6ae8499203d7') in 0.009034 seconds
  Import took 0.013179 seconds .

========================================================================
Received Import Request.
  Time since last request: 0.000230 seconds.
  path: Assets/AssetsMinos/Scenes/EscenaJuego/Lightmap-1_comp_dir.png
  artifactKey: Guid(8f653e5f72bb6464cb84fd02bfe5741f) Importer(815301076,1909f56bfc062723c751e8b465ee728b)
Start importing Assets/AssetsMinos/Scenes/EscenaJuego/Lightmap-1_comp_dir.png using Guid(8f653e5f72bb6464cb84fd02bfe5741f) Importer(815301076,1909f56bfc062723c751e8b465ee728b)  -> (artifact id: '5b1c54e057699f538ea8096fd31bc9f4') in 0.009025 seconds
  Import took 0.013158 seconds .

========================================================================
Received Import Request.
  Time since last request: 0.000195 seconds.
  path: Assets/AssetsMinos/Scenes/EscenaJuego/Lightmap-1_comp_light.exr
  artifactKey: Guid(bf92e01ad06a2134689261c1a84e75ea) Importer(815301076,1909f56bfc062723c751e8b465ee728b)
Start importing Assets/AssetsMinos/Scenes/EscenaJuego/Lightmap-1_comp_light.exr using Guid(bf92e01ad06a2134689261c1a84e75ea) Importer(815301076,1909f56bfc062723c751e8b465ee728b)  -> (artifact id: '79ec451b39495be337ae8a891d2e9f3a') in 0.007923 seconds
  Import took 0.012449 seconds .

========================================================================
Received Import Request.
  Time since last request: 0.000249 seconds.
  path: Assets/AssetsMinos/Scenes/EscenaJuego/Lightmap-0_comp_light.exr
  artifactKey: Guid(5db00cb4a8aff354dbeeced7efb98f82) Importer(815301076,1909f56bfc062723c751e8b465ee728b)
Start importing Assets/AssetsMinos/Scenes/EscenaJuego/Lightmap-0_comp_light.exr using Guid(5db00cb4a8aff354dbeeced7efb98f82) Importer(815301076,1909f56bfc062723c751e8b465ee728b)  -> (artifact id: 'd31e6ef6ffae8b172d808033d0f4011d') in 0.007855 seconds
  Import took 0.011943 seconds .

========================================================================
Received Import Request.
  Time since last request: 49.873202 seconds.
  path: Assets/AssetsMinos/Prefabs/Antorcha.prefab
  artifactKey: Guid(9d2c64598b9b05f4fb0e9328c0b515b7) Importer(815301076,1909f56bfc062723c751e8b465ee728b)
Start importing Assets/AssetsMinos/Prefabs/Antorcha.prefab using Guid(9d2c64598b9b05f4fb0e9328c0b515b7) Importer(815301076,1909f56bfc062723c751e8b465ee728b)  -> (artifact id: '4793d4845eaafd23271bfcbcb02f1d5f') in 0.140175 seconds
  Import took 0.144628 seconds .

========================================================================
Received Import Request.
  Time since last request: 0.000249 seconds.
  path: Assets/AssetsMinos/Prefabs/Pedestal.prefab
  artifactKey: Guid(df4810ae531462d48b2e9edfe103e6f1) Importer(815301076,1909f56bfc062723c751e8b465ee728b)
Start importing Assets/AssetsMinos/Prefabs/Pedestal.prefab using Guid(df4810ae531462d48b2e9edfe103e6f1) Importer(815301076,1909f56bfc062723c751e8b465ee728b)  -> (artifact id: '09ae16a2e5fdc2188246287f704d9a60') in 0.033461 seconds
  Import took 0.037614 seconds .

========================================================================
Received Import Request.
  Time since last request: 0.000237 seconds.
  path: Assets/AssetsMinos/Prefabs/MinotauroOrganico.prefab
  artifactKey: Guid(8df8b9cedbbf23c4eb8fdce72ce2befc) Importer(815301076,1909f56bfc062723c751e8b465ee728b)
Start importing Assets/AssetsMinos/Prefabs/MinotauroOrganico.prefab using Guid(8df8b9cedbbf23c4eb8fdce72ce2befc) Importer(815301076,1909f56bfc062723c751e8b465ee728b)  -> (artifact id: '20f4d70a1bc694bf1d1ff091cd5efa30') in 0.007455 seconds
  Import took 0.011464 seconds .

========================================================================
Received Import Request.
  Time since last request: 0.000261 seconds.
  path: Assets/AssetsMinos/Prefabs/AntorchaConBase.prefab
  artifactKey: Guid(a8dcdd16e8b1b0d4fbefc2f5a39ca98e) Importer(815301076,1909f56bfc062723c751e8b465ee728b)
Start importing Assets/AssetsMinos/Prefabs/AntorchaConBase.prefab using Guid(a8dcdd16e8b1b0d4fbefc2f5a39ca98e) Importer(815301076,1909f56bfc062723c751e8b465ee728b)  -> (artifact id: 'e27232a8d2a52feee3fbd409c3c45086') in 0.017737 seconds
  Import took 0.022124 seconds .

========================================================================
Received Import Request.
  Time since last request: 0.000281 seconds.
  path: Assets/AssetsMinos/Prefabs/BloqueHoja.prefab
  artifactKey: Guid(3124a4cf6b7bbd140b1e1168be2b5d93) Importer(815301076,1909f56bfc062723c751e8b465ee728b)
Start importing Assets/AssetsMinos/Prefabs/BloqueHoja.prefab using Guid(3124a4cf6b7bbd140b1e1168be2b5d93) Importer(815301076,1909f56bfc062723c751e8b465ee728b)  -> (artifact id: '8b7ad193ab270b1b4b70cae8d62dabdd') in 0.014973 seconds
  Import took 0.019304 seconds .

========================================================================
Received Import Request.
  Time since last request: 0.000226 seconds.
  path: Assets/AssetsMinos/Prefabs/PlataformaPajaro.prefab
  artifactKey: Guid(56504c1d16cb4b543a0ca37a7d037069) Importer(815301076,1909f56bfc062723c751e8b465ee728b)
Start importing Assets/AssetsMinos/Prefabs/PlataformaPajaro.prefab using Guid(56504c1d16cb4b543a0ca37a7d037069) Importer(815301076,1909f56bfc062723c751e8b465ee728b)  -> (artifact id: 'd593b6cdcc8143471c0982c38b66682d') in 0.012398 seconds
  Import took 0.016722 seconds .

========================================================================
Received Import Request.
  Time since last request: 0.000218 seconds.
  path: Assets/AssetsMinos/Prefabs/Hoguera.prefab
  artifactKey: Guid(4d9ac0c07354dad42bfe9b34465d789b) Importer(815301076,1909f56bfc062723c751e8b465ee728b)
Start importing Assets/AssetsMinos/Prefabs/Hoguera.prefab using Guid(4d9ac0c07354dad42bfe9b34465d789b) Importer(815301076,1909f56bfc062723c751e8b465ee728b)  -> (artifact id: 'defe725081b07e4049e3fc1ab4155523') in 0.017338 seconds
  Import took 0.021789 seconds .

========================================================================
Received Import Request.
  Time since last request: 0.000257 seconds.
  path: Assets/AssetsMinos/Prefabs/BloqueSerpiente.prefab
  artifactKey: Guid(d87d9f644a17c014791c121116fb85da) Importer(815301076,1909f56bfc062723c751e8b465ee728b)
Start importing Assets/AssetsMinos/Prefabs/BloqueSerpiente.prefab using Guid(d87d9f644a17c014791c121116fb85da) Importer(815301076,1909f56bfc062723c751e8b465ee728b)  -> (artifact id: '9b2b74c5d30e94a8da94ca916a033b43') in 0.014234 seconds
  Import took 0.018860 seconds .

========================================================================
Received Import Request.
  Time since last request: 0.000224 seconds.
  path: Assets/AssetsMinos/Prefabs/PlataformaSerpiente.prefab
  artifactKey: Guid(d9f4ac0c0a4852845abb9d1a0c30a7c6) Importer(815301076,1909f56bfc062723c751e8b465ee728b)
Start importing Assets/AssetsMinos/Prefabs/PlataformaSerpiente.prefab using Guid(d9f4ac0c0a4852845abb9d1a0c30a7c6) Importer(815301076,1909f56bfc062723c751e8b465ee728b)  -> (artifact id: '59ce8c2352206ca27319518f80373a20') in 0.012813 seconds
  Import took 0.017121 seconds .

========================================================================
Received Import Request.
  Time since last request: 0.000248 seconds.
  path: Assets/AssetsMinos/Prefabs/Barrotes.prefab
  artifactKey: Guid(32adc9c6966883f46b3bf37eb727500e) Importer(815301076,1909f56bfc062723c751e8b465ee728b)
Start importing Assets/AssetsMinos/Prefabs/Barrotes.prefab using Guid(32adc9c6966883f46b3bf37eb727500e) Importer(815301076,1909f56bfc062723c751e8b465ee728b)  -> (artifact id: 'd45e484a8875ec85d38bc793d970c47e') in 0.016558 seconds
  Import took 0.021096 seconds .

========================================================================
Received Import Request.
  Time since last request: 0.000228 seconds.
  path: Assets/AssetsMinos/Prefabs/PlataformaHoja.prefab
  artifactKey: Guid(65f36820afb66be46a44b8e77327662a) Importer(815301076,1909f56bfc062723c751e8b465ee728b)
Start importing Assets/AssetsMinos/Prefabs/PlataformaHoja.prefab using Guid(65f36820afb66be46a44b8e77327662a) Importer(815301076,1909f56bfc062723c751e8b465ee728b)  -> (artifact id: 'fc735b9063f15e3f2996e258a5ea56e8') in 0.013164 seconds
  Import took 0.017447 seconds .

========================================================================
Received Import Request.
  Time since last request: 0.000238 seconds.
  path: Assets/AssetsMinos/Prefabs/PuertaLaberinto.prefab
  artifactKey: Guid(4a9751fda66416c4fba8e4f9da858714) Importer(815301076,1909f56bfc062723c751e8b465ee728b)
Start importing Assets/AssetsMinos/Prefabs/PuertaLaberinto.prefab using Guid(4a9751fda66416c4fba8e4f9da858714) Importer(815301076,1909f56bfc062723c751e8b465ee728b)  -> (artifact id: 'ad8ea91f886658de7bda195a269e2a84') in 0.021966 seconds
  Import took 0.026281 seconds .

========================================================================
Received Import Request.
  Time since last request: 0.000212 seconds.
  path: Assets/AssetsMinos/Prefabs/MinotauroEstatua.prefab
  artifactKey: Guid(bc9a008ab86f0444784ccc9daf69c410) Importer(815301076,1909f56bfc062723c751e8b465ee728b)
Start importing Assets/AssetsMinos/Prefabs/MinotauroEstatua.prefab using Guid(bc9a008ab86f0444784ccc9daf69c410) Importer(815301076,1909f56bfc062723c751e8b465ee728b)  -> (artifact id: '2ed56a6e4fa58c34e32f9244fb008671') in 0.027209 seconds
  Import took 0.031660 seconds .

========================================================================
Received Import Request.
  Time since last request: 0.000202 seconds.
  path: Assets/AssetsMinos/Prefabs/PlataformaHoja 1.prefab
  artifactKey: Guid(8e7d14ddb3eb70541b0ce8c11acdf768) Importer(815301076,1909f56bfc062723c751e8b465ee728b)
Start importing Assets/AssetsMinos/Prefabs/PlataformaHoja 1.prefab using Guid(8e7d14ddb3eb70541b0ce8c11acdf768) Importer(815301076,1909f56bfc062723c751e8b465ee728b)  -> (artifact id: '7b17d3eabe58c81979e305983c4943df') in 0.013938 seconds
  Import took 0.018124 seconds .

========================================================================
Received Import Request.
  Time since last request: 0.000223 seconds.
  path: Assets/AssetsMinos/Prefabs/BloquePajaro.prefab
  artifactKey: Guid(e9b3af1e30ee9684d914563c02240a0b) Importer(815301076,1909f56bfc062723c751e8b465ee728b)
Start importing Assets/AssetsMinos/Prefabs/BloquePajaro.prefab using Guid(e9b3af1e30ee9684d914563c02240a0b) Importer(815301076,1909f56bfc062723c751e8b465ee728b)  -> (artifact id: '28312d8d64b055e68ec5d569f556efcf') in 0.013929 seconds
  Import took 0.018177 seconds .

========================================================================
Received Import Request.
  Time since last request: 231.755188 seconds.
  path: Assets/AssetsMinos/Prefabs/Hoguera.prefab
  artifactKey: Guid(4d9ac0c07354dad42bfe9b34465d789b) Importer(815301076,1909f56bfc062723c751e8b465ee728b)
Start importing Assets/AssetsMinos/Prefabs/Hoguera.prefab using Guid(4d9ac0c07354dad42bfe9b34465d789b) Importer(815301076,1909f56bfc062723c751e8b465ee728b)  -> (artifact id: '5ea98e9903167d70ef7ad9f372d249c8') in 0.016089 seconds
  Import took 0.021272 seconds .

========================================================================
Received Import Request.
  Time since last request: 17.730154 seconds.
  path: Assets/AssetsMinos/Prefabs/Hoguera.prefab
  artifactKey: Guid(4d9ac0c07354dad42bfe9b34465d789b) Importer(815301076,1909f56bfc062723c751e8b465ee728b)
Start importing Assets/AssetsMinos/Prefabs/Hoguera.prefab using Guid(4d9ac0c07354dad42bfe9b34465d789b) Importer(815301076,1909f56bfc062723c751e8b465ee728b)  -> (artifact id: '3b5f27ee50e6f9901d3e22826701fa8e') in 0.014464 seconds
  Import took 0.018831 seconds .

========================================================================
Received Import Request.
  Time since last request: 6.026613 seconds.
  path: Assets/AssetsMinos/Prefabs/Hoguera.prefab
  artifactKey: Guid(4d9ac0c07354dad42bfe9b34465d789b) Importer(815301076,1909f56bfc062723c751e8b465ee728b)
Start importing Assets/AssetsMinos/Prefabs/Hoguera.prefab using Guid(4d9ac0c07354dad42bfe9b34465d789b) Importer(815301076,1909f56bfc062723c751e8b465ee728b)  -> (artifact id: 'd0c4dbf70301f45f4209435324b2bcb7') in 0.014033 seconds
  Import took 0.018416 seconds .

========================================================================
Received Import Request.
  Time since last request: 9.071524 seconds.
  path: Assets/AssetsMinos/Prefabs/Hoguera.prefab
  artifactKey: Guid(4d9ac0c07354dad42bfe9b34465d789b) Importer(815301076,1909f56bfc062723c751e8b465ee728b)
Start importing Assets/AssetsMinos/Prefabs/Hoguera.prefab using Guid(4d9ac0c07354dad42bfe9b34465d789b) Importer(815301076,1909f56bfc062723c751e8b465ee728b)  -> (artifact id: '33baacc359be0f5fe0034c62bdd248f1') in 0.013558 seconds
  Import took 0.018131 seconds .

========================================================================
Received Import Request.
  Time since last request: 52.541801 seconds.
  path: Assets/AssetsMinos/Prefabs/Hoguera.prefab
  artifactKey: Guid(4d9ac0c07354dad42bfe9b34465d789b) Importer(815301076,1909f56bfc062723c751e8b465ee728b)
Start importing Assets/AssetsMinos/Prefabs/Hoguera.prefab using Guid(4d9ac0c07354dad42bfe9b34465d789b) Importer(815301076,1909f56bfc062723c751e8b465ee728b)  -> (artifact id: '191ca0d40eff28c15e9174456d99a051') in 0.014627 seconds
  Import took 0.019037 seconds .

========================================================================
Received Prepare
Registering precompiled user dll's ...
Registered in 0.003599 seconds.
Begin MonoManager ReloadAssembly
Native extension for WindowsStandalone target not found
Refreshing native plugins compatible for Editor in 0.74 ms, found 4 plugins.
Preloading 1 native plugins for Editor in 0.07 ms.
Invoked RoslynAnalysisRunner static constructor.
RoslynAnalysisRunner will not be running.
RoslynAnalysisRunner has terminated.
Mono: successfully reloaded assembly
- Completed reload, in  0.815 seconds
Platform modules already initialized, skipping
Shader 'Universal Render Pipeline/Particles/Lit': fallback shader 'Universal Render Pipeline/Particles/SimpleLit' not found
Shader 'Oculus/OVRMRCameraFrameLit': fallback shader 'Alpha-Diffuse' not found
Refreshing native plugins compatible for Editor in 0.66 ms, found 4 plugins.
Preloading 1 native plugins for Editor in 0.06 ms.
Unloading 2878 Unused Serialized files (Serialized files now loaded: 0)
System memory in use before: 170.8 MB.
System memory in use after: 170.5 MB.

Unloading 32 unused Assets to reduce memory usage. Loaded Objects now: 3645.
Total: 2.531600 ms (FindLiveObjects: 0.269200 ms CreateObjectMapping: 0.128600 ms MarkObjects: 1.686300 ms  DeleteObjects: 0.446300 ms)

========================================================================
Received Import Request.
  Time since last request: 144.590281 seconds.
  path: Assets/AssetsMinos/Prefabs/Antorcha.prefab
  artifactKey: Guid(9d2c64598b9b05f4fb0e9328c0b515b7) Importer(815301076,1909f56bfc062723c751e8b465ee728b)
Start importing Assets/AssetsMinos/Prefabs/Antorcha.prefab using Guid(9d2c64598b9b05f4fb0e9328c0b515b7) Importer(815301076,1909f56bfc062723c751e8b465ee728b)  -> (artifact id: '964560f4de204c7ff061f76824bcfa73') in 0.130740 seconds
  Import took 0.135296 seconds .

========================================================================
Received Import Request.
  Time since last request: 359.087447 seconds.
  path: Assets/AssetsMinos/Prefabs/AntorchaConBase 1.prefab
  artifactKey: Guid(f8c1768f16b40194cacaf55a18b0096b) Importer(815301076,1909f56bfc062723c751e8b465ee728b)
Start importing Assets/AssetsMinos/Prefabs/AntorchaConBase 1.prefab using Guid(f8c1768f16b40194cacaf55a18b0096b) Importer(815301076,1909f56bfc062723c751e8b465ee728b)  -> (artifact id: 'c0c5f1a0f2dc6f414c65ae560ecd86f6') in 0.020921 seconds
  Import took 0.026264 seconds .

========================================================================
Received Import Request.
  Time since last request: 57.876498 seconds.
  path: Assets/AssetsMinos/Prefabs/AntorchaConBase.prefab
  artifactKey: Guid(a8dcdd16e8b1b0d4fbefc2f5a39ca98e) Importer(815301076,1909f56bfc062723c751e8b465ee728b)
Start importing Assets/AssetsMinos/Prefabs/AntorchaConBase.prefab using Guid(a8dcdd16e8b1b0d4fbefc2f5a39ca98e) Importer(815301076,1909f56bfc062723c751e8b465ee728b)  -> (artifact id: '7739c950f8dc91fb40b164aef4938243') in 0.017818 seconds
  Import took 0.022684 seconds .

========================================================================
Received Prepare
Registering precompiled user dll's ...
Registered in 0.003600 seconds.
Begin MonoManager ReloadAssembly
Native extension for WindowsStandalone target not found
Refreshing native plugins compatible for Editor in 0.74 ms, found 4 plugins.
Preloading 1 native plugins for Editor in 0.08 ms.
Invoked RoslynAnalysisRunner static constructor.
RoslynAnalysisRunner will not be running.
RoslynAnalysisRunner has terminated.
Mono: successfully reloaded assembly
- Completed reload, in  0.876 seconds
Platform modules already initialized, skipping
Shader 'Universal Render Pipeline/Particles/Lit': fallback shader 'Universal Render Pipeline/Particles/SimpleLit' not found
Shader 'Oculus/OVRMRCameraFrameLit': fallback shader 'Alpha-Diffuse' not found
Refreshing native plugins compatible for Editor in 0.68 ms, found 4 plugins.
Preloading 1 native plugins for Editor in 0.07 ms.
Unloading 2878 Unused Serialized files (Serialized files now loaded: 0)
System memory in use before: 170.9 MB.
System memory in use after: 170.7 MB.

Unloading 32 unused Assets to reduce memory usage. Loaded Objects now: 3684.
Total: 3.030700 ms (FindLiveObjects: 0.301800 ms CreateObjectMapping: 0.124800 ms MarkObjects: 1.979600 ms  DeleteObjects: 0.623400 ms)

========================================================================
Received Import Request.
  Time since last request: 317.268676 seconds.
  path: Assets/AssetsMinos/Prefabs/AntorchaConBase.prefab
  artifactKey: Guid(a8dcdd16e8b1b0d4fbefc2f5a39ca98e) Importer(815301076,1909f56bfc062723c751e8b465ee728b)
Start importing Assets/AssetsMinos/Prefabs/AntorchaConBase.prefab using Guid(a8dcdd16e8b1b0d4fbefc2f5a39ca98e) Importer(815301076,1909f56bfc062723c751e8b465ee728b)  -> (artifact id: '4de94ebe0960b7db6d4f403d74c68f86') in 0.153994 seconds
  Import took 0.159267 seconds .

========================================================================
Received Import Request.
  Time since last request: 1.171234 seconds.
  path: Assets/AssetsMinos/Prefabs/AntorchaConBase.prefab
  artifactKey: Guid(a8dcdd16e8b1b0d4fbefc2f5a39ca98e) Importer(815301076,1909f56bfc062723c751e8b465ee728b)
Start importing Assets/AssetsMinos/Prefabs/AntorchaConBase.prefab using Guid(a8dcdd16e8b1b0d4fbefc2f5a39ca98e) Importer(815301076,1909f56bfc062723c751e8b465ee728b)  -> (artifact id: '4de94ebe0960b7db6d4f403d74c68f86') in 0.016449 seconds
  Import took 0.021851 seconds .

========================================================================
Received Prepare
Registering precompiled user dll's ...
Registered in 0.003949 seconds.
Begin MonoManager ReloadAssembly
Native extension for WindowsStandalone target not found
Refreshing native plugins compatible for Editor in 0.73 ms, found 4 plugins.
Preloading 1 native plugins for Editor in 0.08 ms.
Invoked RoslynAnalysisRunner static constructor.
RoslynAnalysisRunner will not be running.
RoslynAnalysisRunner has terminated.
Mono: successfully reloaded assembly
- Completed reload, in  0.833 seconds
Platform modules already initialized, skipping
Shader 'Universal Render Pipeline/Particles/Lit': fallback shader 'Universal Render Pipeline/Particles/SimpleLit' not found
Shader 'Oculus/OVRMRCameraFrameLit': fallback shader 'Alpha-Diffuse' not found
Refreshing native plugins compatible for Editor in 0.69 ms, found 4 plugins.
Preloading 1 native plugins for Editor in 0.07 ms.
Unloading 2878 Unused Serialized files (Serialized files now loaded: 0)
System memory in use before: 171.0 MB.
System memory in use after: 170.8 MB.

Unloading 32 unused Assets to reduce memory usage. Loaded Objects now: 3723.
Total: 2.709400 ms (FindLiveObjects: 0.296700 ms CreateObjectMapping: 0.120100 ms MarkObjects: 1.841400 ms  DeleteObjects: 0.450100 ms)

