Using pre-set license
Built from '2020.2/release' branch; Version is '2020.2.4f1 (becced5a802b) revision 12504301'; Using compiler version '192528614'; Build Type 'Release'
OS: 'Windows 10 Education; OS build 18363.1500; Version 1909; 64bit' Language: 'es' Physical Memory: 16338 MB
BatchMode: 1, IsHumanControllingUs: 0, StartBugReporterOnCrash: 0, Is64bit: 1, IsPro: 0

 COMMAND LINE ARGUMENTS:
C:\Program Files\Unity\Hub\Editor\2020.2.4f1\Editor\Unity.exe
-adb2
-batchMode
-noUpm
-name
AssetImportWorker0
-projectPath
C:/Users/j.pierre/Desktop/UnityVRSetup/UnityVRLaberinto/UnityVRSetup
-logFile
Logs/AssetImportWorker0.log
-srvPort
51758
Successfully changed project path to: C:/Users/j.pierre/Desktop/UnityVRSetup/UnityVRLaberinto/UnityVRSetup
C:/Users/j.pierre/Desktop/UnityVRSetup/UnityVRLaberinto/UnityVRSetup
Using Asset Import Pipeline V2.
Refreshing native plugins compatible for Editor in 49.99 ms, found 4 plugins.
Preloading 1 native plugins for Editor in 0.91 ms.
Initialize engine version: 2020.2.4f1 (becced5a802b)
[Subsystems] Discovering subsystems at path C:/Program Files/Unity/Hub/Editor/2020.2.4f1/Editor/Data/Resources/UnitySubsystems
[Subsystems] Discovering subsystems at path C:/Users/j.pierre/Desktop/UnityVRSetup/UnityVRLaberinto/UnityVRSetup/Assets
GfxDevice: creating device client; threaded=0
Direct3D:
    Version:  Direct3D 11.0 [level 11.1]
    Renderer: NVIDIA GeForce GTX 1060 6GB (ID=0x1b83)
    Vendor:   
    VRAM:     6052 MB
    Driver:   27.21.14.5671
Shader 'Oculus/OVRMRCameraFrameLit': fallback shader 'Alpha-Diffuse' not found
Initialize mono
Mono path[0] = 'C:/Program Files/Unity/Hub/Editor/2020.2.4f1/Editor/Data/Managed'
Mono path[1] = 'C:/Program Files/Unity/Hub/Editor/2020.2.4f1/Editor/Data/MonoBleedingEdge/lib/mono/unityjit'
Mono config path = 'C:/Program Files/Unity/Hub/Editor/2020.2.4f1/Editor/Data/MonoBleedingEdge/etc'
Using monoOptions --debugger-agent=transport=dt_socket,embedding=1,server=y,suspend=n,address=127.0.0.1:56748
Begin MonoManager ReloadAssembly
Registering precompiled unity dll's ...
Register platform support module: C:/Program Files/Unity/Hub/Editor/2020.2.4f1/Editor/Data/PlaybackEngines/WindowsStandaloneSupport/UnityEditor.WindowsStandalone.Extensions.dll
Registered in 0.001856 seconds.
Native extension for WindowsStandalone target not found
Refreshing native plugins compatible for Editor in 40.36 ms, found 4 plugins.
Preloading 1 native plugins for Editor in 0.06 ms.
Invoked RoslynAnalysisRunner static constructor.
RoslynAnalysisRunner will not be running.
RoslynAnalysisRunner has terminated.
Mono: successfully reloaded assembly
- Completed reload, in  1.538 seconds
Platform modules already initialized, skipping
Registering precompiled user dll's ...
Registered in 0.002684 seconds.
Begin MonoManager ReloadAssembly
Native extension for WindowsStandalone target not found
Refreshing native plugins compatible for Editor in 0.49 ms, found 4 plugins.
Preloading 1 native plugins for Editor in 0.06 ms.
Invoked RoslynAnalysisRunner static constructor.
RoslynAnalysisRunner will not be running.
RoslynAnalysisRunner has terminated.
[XR] OculusXRPlugin: registering subsystems
[XR] Unable to register display lifecyle provider: [1]
[XR] Oculus Input lifecycle provider registered.
[XR] Unable to register input lifecyle provider: [1]
[XR] OVRP version 1.55.1
Mono: successfully reloaded assembly
- Completed reload, in  0.751 seconds
Platform modules already initialized, skipping
========================================================================
Worker process is ready to serve import requests
Shader 'Oculus/OVRMRCameraFrameLit': fallback shader 'Alpha-Diffuse' not found
Launched and connected shader compiler UnityShaderCompiler.exe after 0.05 seconds
Refreshing native plugins compatible for Editor in 0.48 ms, found 4 plugins.
Preloading 1 native plugins for Editor in 0.06 ms.
Unloading 1736 Unused Serialized files (Serialized files now loaded: 0)
System memory in use before: 100.0 MB.
System memory in use after: 99.6 MB.

Unloading 36 unused Assets to reduce memory usage. Loaded Objects now: 2185.
Total: 1.948900 ms (FindLiveObjects: 0.143900 ms CreateObjectMapping: 0.055500 ms MarkObjects: 1.365100 ms  DeleteObjects: 0.383800 ms)

========================================================================
Received Import Request.
  path: Assets/AssetsMinos/Hoguera.fbx
  artifactKey: Guid(85c91a5f25561914c961ced42d53b3f2) Importer(815301076,1909f56bfc062723c751e8b465ee728b)
Start importing Assets/AssetsMinos/Hoguera.fbx using Guid(85c91a5f25561914c961ced42d53b3f2) Importer(815301076,1909f56bfc062723c751e8b465ee728b)  -> (artifact id: 'e699aa98d9183feabef00bccfe074bcb') in 0.177717 seconds
  Import took 0.180009 seconds .

========================================================================
Received Import Request.
  Time since last request: 2.279132 seconds.
  path: Assets/AssetsMinos/Hoguera.fbx
  artifactKey: Guid(85c91a5f25561914c961ced42d53b3f2) Importer(815301076,1909f56bfc062723c751e8b465ee728b)
Start importing Assets/AssetsMinos/Hoguera.fbx using Guid(85c91a5f25561914c961ced42d53b3f2) Importer(815301076,1909f56bfc062723c751e8b465ee728b)  -> (artifact id: '7368f4a108d2d616c69975391a8be0f0') in 0.028444 seconds
  Import took 0.030951 seconds .

========================================================================
Received Import Request.
  Time since last request: 0.003766 seconds.
  path: Assets/AssetsMinos/Hoguera.fbx
  artifactKey: Guid(85c91a5f25561914c961ced42d53b3f2) Importer(815301076,1909f56bfc062723c751e8b465ee728b)
Start importing Assets/AssetsMinos/Hoguera.fbx using Guid(85c91a5f25561914c961ced42d53b3f2) Importer(815301076,1909f56bfc062723c751e8b465ee728b)  -> (artifact id: '7368f4a108d2d616c69975391a8be0f0') in 0.026907 seconds
  Import took 0.029490 seconds .

========================================================================
Received Import Request.
  Time since last request: 15.869760 seconds.
  path: Assets/AssetsMinos/Muros.fbx
  artifactKey: Guid(5f234d53096ae554b875ee89360ab20d) Importer(815301076,1909f56bfc062723c751e8b465ee728b)
Start importing Assets/AssetsMinos/Muros.fbx using Guid(5f234d53096ae554b875ee89360ab20d) Importer(815301076,1909f56bfc062723c751e8b465ee728b)  -> (artifact id: 'fd629b82ee7e4bc6babc040e78fbb7bd') in 0.014601 seconds
  Import took 0.017284 seconds .

========================================================================
Received Import Request.
  Time since last request: 328.916053 seconds.
  path: Assets/AssetsMinos/Mats/Antorcha.mat
  artifactKey: Guid(ba9f5cf6890031d4999bd7b8bf6b2cfb) Importer(815301076,1909f56bfc062723c751e8b465ee728b)
Start importing Assets/AssetsMinos/Mats/Antorcha.mat using Guid(ba9f5cf6890031d4999bd7b8bf6b2cfb) Importer(815301076,1909f56bfc062723c751e8b465ee728b)  -> (artifact id: '4a66c475ce1f00fb27c784ad13f76573') in 0.030767 seconds
  Import took 0.033599 seconds .

========================================================================
Received Import Request.
  Time since last request: 0.000258 seconds.
  path: Assets/AssetsMinos/Mats/BaseAntorcha.mat
  artifactKey: Guid(5fa64fe75010e2a42838574a433e2573) Importer(815301076,1909f56bfc062723c751e8b465ee728b)
Start importing Assets/AssetsMinos/Mats/BaseAntorcha.mat using Guid(5fa64fe75010e2a42838574a433e2573) Importer(815301076,1909f56bfc062723c751e8b465ee728b)  -> (artifact id: '3e90ccbe9809091725f0842c8873d3e5') in 0.013294 seconds
  Import took 0.015553 seconds .

========================================================================
Received Import Request.
  Time since last request: 114.229571 seconds.
  path: Assets/AssetsMinos/Barrotes.fbx
  artifactKey: Guid(42a62074afbf87a4e8fb2694cafdfb37) Importer(815301076,1909f56bfc062723c751e8b465ee728b)
Start importing Assets/AssetsMinos/Barrotes.fbx using Guid(42a62074afbf87a4e8fb2694cafdfb37) Importer(815301076,1909f56bfc062723c751e8b465ee728b)  -> (artifact id: '404b8f7ac4e6f2202d2d0e5719ecfc40') in 0.034276 seconds
  Import took 0.036820 seconds .

========================================================================
Received Import Request.
  Time since last request: 259.465767 seconds.
  path: Assets/AssetsMinos/Mats/Barrotes_BaseBarrote_AlbedoTransparency.png
  artifactKey: Guid(07a3cc56d68dc5c4da865de285c5a40e) Importer(815301076,1909f56bfc062723c751e8b465ee728b)
Start importing Assets/AssetsMinos/Mats/Barrotes_BaseBarrote_AlbedoTransparency.png using Guid(07a3cc56d68dc5c4da865de285c5a40e) Importer(815301076,1909f56bfc062723c751e8b465ee728b)  -> (artifact id: 'abd762e7651d088b401786e8922a305d') in 0.034364 seconds
  Import took 0.037068 seconds .

========================================================================
Received Import Request.
  Time since last request: 0.000239 seconds.
  path: Assets/AssetsMinos/Mats/Barrotes_BaseBarrote_MetallicSmoothness.png
  artifactKey: Guid(b11ee9e623d917a489e078365891c278) Importer(815301076,1909f56bfc062723c751e8b465ee728b)
Start importing Assets/AssetsMinos/Mats/Barrotes_BaseBarrote_MetallicSmoothness.png using Guid(b11ee9e623d917a489e078365891c278) Importer(815301076,1909f56bfc062723c751e8b465ee728b)  -> (artifact id: 'd224bd2621fc440be86f1897e0523c12') in 0.009833 seconds
  Import took 0.012153 seconds .

========================================================================
Received Import Request.
  Time since last request: 0.000191 seconds.
  path: Assets/AssetsMinos/Mats/Barrotes_BaseBarrote_Normal.png
  artifactKey: Guid(fe468a801e0524f42871207da540d59e) Importer(815301076,1909f56bfc062723c751e8b465ee728b)
Start importing Assets/AssetsMinos/Mats/Barrotes_BaseBarrote_Normal.png using Guid(fe468a801e0524f42871207da540d59e) Importer(815301076,1909f56bfc062723c751e8b465ee728b)  -> (artifact id: 'a6b442b869929965e86d9c5d4ebbbb64') in 0.008797 seconds
  Import took 0.011222 seconds .

========================================================================
Received Import Request.
  Time since last request: 11.201109 seconds.
  path: Assets/AssetsMinos/Mats/New Material.mat
  artifactKey: Guid(eef24cdaea106954dbedafc9b76d8d6b) Importer(815301076,1909f56bfc062723c751e8b465ee728b)
Start importing Assets/AssetsMinos/Mats/New Material.mat using Guid(eef24cdaea106954dbedafc9b76d8d6b) Importer(815301076,1909f56bfc062723c751e8b465ee728b)  -> (artifact id: 'b1037c3c342ccf406315e75e72286fb8') in 0.011096 seconds
  Import took 0.013702 seconds .

========================================================================
Received Import Request.
  Time since last request: 8.425785 seconds.
  path: Assets/AssetsMinos/Mats/Barrotes_BaseBarrote_Normal.png
  artifactKey: Guid(fe468a801e0524f42871207da540d59e) Importer(815301076,1909f56bfc062723c751e8b465ee728b)
Start importing Assets/AssetsMinos/Mats/Barrotes_BaseBarrote_Normal.png using Guid(fe468a801e0524f42871207da540d59e) Importer(815301076,1909f56bfc062723c751e8b465ee728b)  -> (artifact id: 'd095c9e69a74da07529120e616f7d518') in 0.011211 seconds
  Import took 0.013606 seconds .

========================================================================
Received Import Request.
  Time since last request: 35.861027 seconds.
  path: Assets/AssetsMinos/Mats/BaseBarrotes.mat
  artifactKey: Guid(eef24cdaea106954dbedafc9b76d8d6b) Importer(815301076,1909f56bfc062723c751e8b465ee728b)
Start importing Assets/AssetsMinos/Mats/BaseBarrotes.mat using Guid(eef24cdaea106954dbedafc9b76d8d6b) Importer(815301076,1909f56bfc062723c751e8b465ee728b)  -> (artifact id: '59b6344f82f09f1fae40044f90001faa') in 0.016447 seconds
  Import took 0.018887 seconds .

========================================================================
Received Import Request.
  Time since last request: 9.673012 seconds.
  path: Assets/AssetsMinos/Mats/Barrotes_Barrote_AlbedoTransparency.png
  artifactKey: Guid(10583e01254c97b4a9bf5374d624268c) Importer(815301076,1909f56bfc062723c751e8b465ee728b)
Start importing Assets/AssetsMinos/Mats/Barrotes_Barrote_AlbedoTransparency.png using Guid(10583e01254c97b4a9bf5374d624268c) Importer(815301076,1909f56bfc062723c751e8b465ee728b)  -> (artifact id: 'b8b0926bf70bf119a307bf77c4ece4d9') in 0.010812 seconds
  Import took 0.013806 seconds .

========================================================================
Received Import Request.
  Time since last request: 0.000211 seconds.
  path: Assets/AssetsMinos/Mats/Barrotes_Barrote_Normal.png
  artifactKey: Guid(8101c45766006374eadd8274a9a2feab) Importer(815301076,1909f56bfc062723c751e8b465ee728b)
Start importing Assets/AssetsMinos/Mats/Barrotes_Barrote_Normal.png using Guid(8101c45766006374eadd8274a9a2feab) Importer(815301076,1909f56bfc062723c751e8b465ee728b)  -> (artifact id: '311032bfd9e9698354b75d5891770efa') in 0.010668 seconds
  Import took 0.013327 seconds .

========================================================================
Received Import Request.
  Time since last request: 0.000198 seconds.
  path: Assets/AssetsMinos/Mats/Barrotes_Barrote_MetallicSmoothness.png
  artifactKey: Guid(7069301a4da91344cac5ac23e71d87a0) Importer(815301076,1909f56bfc062723c751e8b465ee728b)
Start importing Assets/AssetsMinos/Mats/Barrotes_Barrote_MetallicSmoothness.png using Guid(7069301a4da91344cac5ac23e71d87a0) Importer(815301076,1909f56bfc062723c751e8b465ee728b)  -> (artifact id: '9919ec062cd0eda960f34adb80812f26') in 0.011278 seconds
  Import took 0.013992 seconds .

========================================================================
Received Import Request.
  Time since last request: 10.081172 seconds.
  path: Assets/AssetsMinos/Mats/Barrotes_Barrote_Normal.png
  artifactKey: Guid(8101c45766006374eadd8274a9a2feab) Importer(815301076,1909f56bfc062723c751e8b465ee728b)
Start importing Assets/AssetsMinos/Mats/Barrotes_Barrote_Normal.png using Guid(8101c45766006374eadd8274a9a2feab) Importer(815301076,1909f56bfc062723c751e8b465ee728b)  -> (artifact id: 'f4fa504fab87ee83c7b2a215263ca61e') in 0.010647 seconds
  Import took 0.012986 seconds .

========================================================================
Received Import Request.
  Time since last request: 479.389562 seconds.
  path: Assets/AssetsMinos/Prefabs/AntorchaConBase.prefab
  artifactKey: Guid(a8dcdd16e8b1b0d4fbefc2f5a39ca98e) Importer(815301076,1909f56bfc062723c751e8b465ee728b)
Start importing Assets/AssetsMinos/Prefabs/AntorchaConBase.prefab using Guid(a8dcdd16e8b1b0d4fbefc2f5a39ca98e) Importer(815301076,1909f56bfc062723c751e8b465ee728b)  -> (artifact id: '9c12bff62d9fc41dfd04a48f82b79f14') in 0.032233 seconds
  Import took 0.036266 seconds .

========================================================================
Received Prepare
Registering precompiled user dll's ...
Registered in 0.002975 seconds.
Begin MonoManager ReloadAssembly
Native extension for WindowsStandalone target not found
Refreshing native plugins compatible for Editor in 0.52 ms, found 4 plugins.
Preloading 1 native plugins for Editor in 0.07 ms.
Invoked RoslynAnalysisRunner static constructor.
RoslynAnalysisRunner will not be running.
RoslynAnalysisRunner has terminated.
Mono: successfully reloaded assembly
- Completed reload, in  0.711 seconds
Platform modules already initialized, skipping
Shader 'Oculus/OVRMRCameraFrameLit': fallback shader 'Alpha-Diffuse' not found
Refreshing native plugins compatible for Editor in 0.51 ms, found 4 plugins.
Preloading 1 native plugins for Editor in 0.07 ms.
Unloading 1676 Unused Serialized files (Serialized files now loaded: 0)
System memory in use before: 99.8 MB.
System memory in use after: 99.4 MB.

Unloading 34 unused Assets to reduce memory usage. Loaded Objects now: 2234.
Total: 1.820300 ms (FindLiveObjects: 0.175700 ms CreateObjectMapping: 0.079300 ms MarkObjects: 1.194800 ms  DeleteObjects: 0.369900 ms)

========================================================================
Received Import Request.
  Time since last request: 4.732470 seconds.
  path: Assets/AssetsMinos/Prefabs/Hoguera.prefab
  artifactKey: Guid(4d9ac0c07354dad42bfe9b34465d789b) Importer(815301076,1909f56bfc062723c751e8b465ee728b)
Start importing Assets/AssetsMinos/Prefabs/Hoguera.prefab using Guid(4d9ac0c07354dad42bfe9b34465d789b) Importer(815301076,1909f56bfc062723c751e8b465ee728b)  -> (artifact id: '2ce1fcb28c98abe631ac1206a4ab0930') in 0.070548 seconds
  Import took 0.073414 seconds .

========================================================================
Received Import Request.
  Time since last request: 5.005382 seconds.
  path: Assets/AssetsMinos/Prefabs/AntorchaConBase.prefab
  artifactKey: Guid(a8dcdd16e8b1b0d4fbefc2f5a39ca98e) Importer(815301076,1909f56bfc062723c751e8b465ee728b)
Start importing Assets/AssetsMinos/Prefabs/AntorchaConBase.prefab using Guid(a8dcdd16e8b1b0d4fbefc2f5a39ca98e) Importer(815301076,1909f56bfc062723c751e8b465ee728b)  -> (artifact id: 'e08a2605b47a647556ddb1d8d9ff85c6') in 0.049430 seconds
  Import took 0.052638 seconds .

========================================================================
Received Prepare
Registering precompiled user dll's ...
Registered in 0.002776 seconds.
Begin MonoManager ReloadAssembly
Native extension for WindowsStandalone target not found
Refreshing native plugins compatible for Editor in 0.53 ms, found 4 plugins.
Preloading 1 native plugins for Editor in 0.07 ms.
Invoked RoslynAnalysisRunner static constructor.
RoslynAnalysisRunner will not be running.
RoslynAnalysisRunner has terminated.
Mono: successfully reloaded assembly
- Completed reload, in  0.779 seconds
Platform modules already initialized, skipping
Shader 'Oculus/OVRMRCameraFrameLit': fallback shader 'Alpha-Diffuse' not found
Refreshing native plugins compatible for Editor in 0.51 ms, found 4 plugins.
Preloading 1 native plugins for Editor in 0.06 ms.
Unloading 1676 Unused Serialized files (Serialized files now loaded: 0)
System memory in use before: 99.8 MB.
System memory in use after: 99.5 MB.

Unloading 33 unused Assets to reduce memory usage. Loaded Objects now: 2238.
Total: 1.828400 ms (FindLiveObjects: 0.142700 ms CreateObjectMapping: 0.050300 ms MarkObjects: 1.235900 ms  DeleteObjects: 0.398700 ms)

========================================================================
Received Prepare
Shader 'Oculus/OVRMRCameraFrameLit': fallback shader 'Alpha-Diffuse' not found
Refreshing native plugins compatible for Editor in 7.51 ms, found 4 plugins.
Preloading 1 native plugins for Editor in 0.06 ms.
Unloading 28 Unused Serialized files (Serialized files now loaded: 0)
System memory in use before: 67.3 MB.
System memory in use after: 66.9 MB.

Unloading 28 unused Assets to reduce memory usage. Loaded Objects now: 2238.
Total: 2.484400 ms (FindLiveObjects: 0.190900 ms CreateObjectMapping: 0.073500 ms MarkObjects: 1.759400 ms  DeleteObjects: 0.459600 ms)

